2019-05-12 12:34:24.751 - INFO  [           main] o.s.b.StartupInfoLogger        : Starting App on DESKTOP-MI7UOLK with PID 4204 (D:\Desktop\SpringBootCRM\target\classes started by YeHaoYu in D:\Desktop\SpringBootCRM)
2019-05-12 12:34:24.808 - INFO  [           main] o.s.b.SpringApplication        : No active profile set, falling back to default profiles: default
2019-05-12 12:34:26.312 - INFO  [           main] o.s.b.w.e.t.TomcatWebServer    : Tomcat initialized with port(s): 8080 (http)
2019-05-12 12:34:26.325 - INFO  [           main] o.a.j.l.DirectJDKLog           : Initializing ProtocolHandler ["http-nio-8080"]
2019-05-12 12:34:26.340 - INFO  [           main] o.a.j.l.DirectJDKLog           : Starting service [Tomcat]
2019-05-12 12:34:26.340 - INFO  [           main] o.a.j.l.DirectJDKLog           : Starting Servlet engine: [Apache Tomcat/9.0.17]
2019-05-12 12:34:26.481 - INFO  [           main] o.a.j.l.DirectJDKLog           : Initializing Spring embedded WebApplicationContext
2019-05-12 12:34:26.481 - INFO  [           main] letWebServerApplicationContext : Root WebApplicationContext: initialization completed in 1642 ms
2019-05-12 12:34:26.644 - INFO  [           main] a.DruidDataSourceAutoConfigure : Init DruidDataSource
2019-05-12 12:34:26.898 - INFO  [           main] c.a.d.p.DruidDataSource        : {dataSource-1} inited
2019-05-12 12:34:27.462 - INFO  [           main] c.ExecutorConfigurationSupport : Initializing ExecutorService 'applicationTaskExecutor'
2019-05-12 12:34:27.784 - INFO  [           main] o.a.j.l.DirectJDKLog           : Starting ProtocolHandler ["http-nio-8080"]
2019-05-12 12:34:27.816 - INFO  [           main] o.s.b.w.e.t.TomcatWebServer    : Tomcat started on port(s): 8080 (http) with context path '/SpringBootCRM'
2019-05-12 12:34:27.816 - INFO  [           main] o.s.b.StartupInfoLogger        : Started App in 3.393 seconds (JVM running for 5.249)
2019-05-12 12:35:01.500 - INFO  [nio-8080-exec-1] o.a.j.l.DirectJDKLog           : Initializing Spring DispatcherServlet 'dispatcherServlet'
2019-05-12 12:35:01.500 - INFO  [nio-8080-exec-1] o.s.w.s.FrameworkServlet       : Initializing Servlet 'dispatcherServlet'
2019-05-12 12:35:01.522 - INFO  [nio-8080-exec-1] o.s.w.s.FrameworkServlet       : Completed initialization in 22 ms
2019-05-12 13:05:24.790 - INFO  [           main] o.s.b.StartupInfoLogger        : Starting App on DESKTOP-MI7UOLK with PID 9112 (D:\Desktop\SpringBootCRM\target\classes started by YeHaoYu in D:\Desktop\SpringBootCRM)
2019-05-12 13:05:24.794 - INFO  [           main] o.s.b.SpringApplication        : No active profile set, falling back to default profiles: default
2019-05-12 13:05:25.896 - INFO  [           main] o.s.b.w.e.t.TomcatWebServer    : Tomcat initialized with port(s): 8080 (http)
2019-05-12 13:05:25.907 - INFO  [           main] o.a.j.l.DirectJDKLog           : Initializing ProtocolHandler ["http-nio-8080"]
2019-05-12 13:05:25.915 - INFO  [           main] o.a.j.l.DirectJDKLog           : Starting service [Tomcat]
2019-05-12 13:05:25.916 - INFO  [           main] o.a.j.l.DirectJDKLog           : Starting Servlet engine: [Apache Tomcat/9.0.17]
2019-05-12 13:05:26.053 - INFO  [           main] o.a.j.l.DirectJDKLog           : Initializing Spring embedded WebApplicationContext
2019-05-12 13:05:26.054 - INFO  [           main] letWebServerApplicationContext : Root WebApplicationContext: initialization completed in 1205 ms
2019-05-12 13:05:26.211 - INFO  [           main] a.DruidDataSourceAutoConfigure : Init DruidDataSource
2019-05-12 13:05:26.432 - INFO  [           main] c.a.d.p.DruidDataSource        : {dataSource-1} inited
2019-05-12 13:05:26.890 - INFO  [           main] c.ExecutorConfigurationSupport : Initializing ExecutorService 'applicationTaskExecutor'
2019-05-12 13:05:27.179 - INFO  [           main] o.a.j.l.DirectJDKLog           : Starting ProtocolHandler ["http-nio-8080"]
2019-05-12 13:05:27.231 - INFO  [           main] o.a.j.l.DirectJDKLog           : Pausing ProtocolHandler ["http-nio-8080"]
2019-05-12 13:05:27.231 - INFO  [           main] o.a.j.l.DirectJDKLog           : Stopping service [Tomcat]
2019-05-12 13:05:27.239 - INFO  [           main] o.a.j.l.DirectJDKLog           : The stop() method was called on component [StandardServer[-1]] after stop() had already been called. The second call will be ignored.
2019-05-12 13:05:27.239 - INFO  [           main] o.a.j.l.DirectJDKLog           : Stopping ProtocolHandler ["http-nio-8080"]
2019-05-12 13:05:27.240 - INFO  [           main] o.a.j.l.DirectJDKLog           : Destroying ProtocolHandler ["http-nio-8080"]
2019-05-12 13:05:27.242 - INFO  [           main] valuationReportLoggingListener : 

Error starting ApplicationContext. To display the conditions report re-run your application with 'debug' enabled.
2019-05-12 13:05:27.249 - INFO  [           main] c.ExecutorConfigurationSupport : Shutting down ExecutorService 'applicationTaskExecutor'
2019-05-12 13:05:27.253 - INFO  [           main] c.a.d.p.DruidDataSource        : {dataSource-1} closed
2019-05-12 13:05:39.024 - INFO  [on(2)-127.0.0.1] gistrar$SpringApplicationAdmin : Application shutdown requested.
2019-05-12 13:05:39.034 - INFO  [on(2)-127.0.0.1] c.ExecutorConfigurationSupport : Shutting down ExecutorService 'applicationTaskExecutor'
2019-05-12 13:05:39.038 - INFO  [on(2)-127.0.0.1] c.a.d.p.DruidDataSource        : {dataSource-1} closed
2019-05-12 13:05:46.830 - INFO  [           main] o.s.b.StartupInfoLogger        : Starting App on DESKTOP-MI7UOLK with PID 5952 (D:\Desktop\SpringBootCRM\target\classes started by YeHaoYu in D:\Desktop\SpringBootCRM)
2019-05-12 13:05:46.844 - INFO  [           main] o.s.b.SpringApplication        : No active profile set, falling back to default profiles: default
2019-05-12 13:05:47.924 - INFO  [           main] o.s.b.w.e.t.TomcatWebServer    : Tomcat initialized with port(s): 8080 (http)
2019-05-12 13:05:47.935 - INFO  [           main] o.a.j.l.DirectJDKLog           : Initializing ProtocolHandler ["http-nio-8080"]
2019-05-12 13:05:47.943 - INFO  [           main] o.a.j.l.DirectJDKLog           : Starting service [Tomcat]
2019-05-12 13:05:47.944 - INFO  [           main] o.a.j.l.DirectJDKLog           : Starting Servlet engine: [Apache Tomcat/9.0.17]
2019-05-12 13:05:48.079 - INFO  [           main] o.a.j.l.DirectJDKLog           : Initializing Spring embedded WebApplicationContext
2019-05-12 13:05:48.079 - INFO  [           main] letWebServerApplicationContext : Root WebApplicationContext: initialization completed in 1180 ms
2019-05-12 13:05:48.155 - INFO  [           main] a.DruidDataSourceAutoConfigure : Init DruidDataSource
2019-05-12 13:05:48.444 - INFO  [           main] c.a.d.p.DruidDataSource        : {dataSource-1} inited
2019-05-12 13:05:48.894 - INFO  [           main] c.ExecutorConfigurationSupport : Initializing ExecutorService 'applicationTaskExecutor'
2019-05-12 13:05:49.180 - INFO  [           main] o.a.j.l.DirectJDKLog           : Starting ProtocolHandler ["http-nio-8080"]
2019-05-12 13:05:49.199 - INFO  [           main] o.s.b.w.e.t.TomcatWebServer    : Tomcat started on port(s): 8080 (http) with context path '/SpringBootCRM'
2019-05-12 13:05:49.202 - INFO  [           main] o.s.b.StartupInfoLogger        : Started App in 2.598 seconds (JVM running for 3.742)
2019-05-12 13:06:06.495 - INFO  [nio-8080-exec-1] o.a.j.l.DirectJDKLog           : Initializing Spring DispatcherServlet 'dispatcherServlet'
2019-05-12 13:06:06.495 - INFO  [nio-8080-exec-1] o.s.w.s.FrameworkServlet       : Initializing Servlet 'dispatcherServlet'
2019-05-12 13:06:06.510 - INFO  [nio-8080-exec-1] o.s.w.s.FrameworkServlet       : Completed initialization in 15 ms
2019-05-12 13:08:38.942 - INFO  [on(2)-127.0.0.1] gistrar$SpringApplicationAdmin : Application shutdown requested.
2019-05-12 13:08:38.944 - INFO  [on(2)-127.0.0.1] c.ExecutorConfigurationSupport : Shutting down ExecutorService 'applicationTaskExecutor'
2019-05-12 13:08:38.947 - INFO  [on(2)-127.0.0.1] c.a.d.p.DruidDataSource        : {dataSource-1} closed
2019-05-12 13:08:47.425 - INFO  [           main] o.s.b.StartupInfoLogger        : Starting App on DESKTOP-MI7UOLK with PID 10372 (D:\Desktop\SpringBootCRM\target\classes started by YeHaoYu in D:\Desktop\SpringBootCRM)
2019-05-12 13:08:47.438 - INFO  [           main] o.s.b.SpringApplication        : No active profile set, falling back to default profiles: default
2019-05-12 13:08:48.601 - INFO  [           main] o.s.b.w.e.t.TomcatWebServer    : Tomcat initialized with port(s): 8080 (http)
2019-05-12 13:08:48.614 - INFO  [           main] o.a.j.l.DirectJDKLog           : Initializing ProtocolHandler ["http-nio-8080"]
2019-05-12 13:08:48.622 - INFO  [           main] o.a.j.l.DirectJDKLog           : Starting service [Tomcat]
2019-05-12 13:08:48.623 - INFO  [           main] o.a.j.l.DirectJDKLog           : Starting Servlet engine: [Apache Tomcat/9.0.17]
2019-05-12 13:08:48.769 - INFO  [           main] o.a.j.l.DirectJDKLog           : Initializing Spring embedded WebApplicationContext
2019-05-12 13:08:48.769 - INFO  [           main] letWebServerApplicationContext : Root WebApplicationContext: initialization completed in 1271 ms
2019-05-12 13:08:48.852 - INFO  [           main] a.DruidDataSourceAutoConfigure : Init DruidDataSource
2019-05-12 13:08:49.155 - INFO  [           main] c.a.d.p.DruidDataSource        : {dataSource-1} inited
2019-05-12 13:08:49.637 - INFO  [           main] c.ExecutorConfigurationSupport : Initializing ExecutorService 'applicationTaskExecutor'
2019-05-12 13:08:49.953 - INFO  [           main] o.a.j.l.DirectJDKLog           : Starting ProtocolHandler ["http-nio-8080"]
2019-05-12 13:08:49.973 - INFO  [           main] o.s.b.w.e.t.TomcatWebServer    : Tomcat started on port(s): 8080 (http) with context path '/SpringBootCRM'
2019-05-12 13:08:49.977 - INFO  [           main] o.s.b.StartupInfoLogger        : Started App in 2.798 seconds (JVM running for 4.055)
2019-05-12 13:09:04.986 - INFO  [nio-8080-exec-1] o.a.j.l.DirectJDKLog           : Initializing Spring DispatcherServlet 'dispatcherServlet'
2019-05-12 13:09:04.986 - INFO  [nio-8080-exec-1] o.s.w.s.FrameworkServlet       : Initializing Servlet 'dispatcherServlet'
2019-05-12 13:09:04.993 - INFO  [nio-8080-exec-1] o.s.w.s.FrameworkServlet       : Completed initialization in 7 ms
2019-05-12 14:33:35.769 - INFO  [on(2)-127.0.0.1] gistrar$SpringApplicationAdmin : Application shutdown requested.
2019-05-12 14:33:35.783 - INFO  [on(2)-127.0.0.1] c.ExecutorConfigurationSupport : Shutting down ExecutorService 'applicationTaskExecutor'
2019-05-12 14:33:35.789 - INFO  [on(2)-127.0.0.1] c.a.d.p.DruidDataSource        : {dataSource-1} closed
2019-05-12 16:10:59.264 - INFO  [           main] o.s.b.StartupInfoLogger        : Starting App on DESKTOP-MI7UOLK with PID 184 (D:\Desktop\SpringBootCRM\target\classes started by YeHaoYu in D:\Desktop\SpringBootCRM)
2019-05-12 16:10:59.275 - INFO  [           main] o.s.b.SpringApplication        : No active profile set, falling back to default profiles: default
2019-05-12 16:11:00.385 - INFO  [           main] o.s.b.w.e.t.TomcatWebServer    : Tomcat initialized with port(s): 8080 (http)
2019-05-12 16:11:00.397 - INFO  [           main] o.a.j.l.DirectJDKLog           : Initializing ProtocolHandler ["http-nio-8080"]
2019-05-12 16:11:00.405 - INFO  [           main] o.a.j.l.DirectJDKLog           : Starting service [Tomcat]
2019-05-12 16:11:00.406 - INFO  [           main] o.a.j.l.DirectJDKLog           : Starting Servlet engine: [Apache Tomcat/9.0.17]
2019-05-12 16:11:00.555 - INFO  [           main] o.a.j.l.DirectJDKLog           : Initializing Spring embedded WebApplicationContext
2019-05-12 16:11:00.555 - INFO  [           main] letWebServerApplicationContext : Root WebApplicationContext: initialization completed in 1226 ms
2019-05-12 16:11:00.636 - INFO  [           main] a.DruidDataSourceAutoConfigure : Init DruidDataSource
2019-05-12 16:11:00.936 - INFO  [           main] c.a.d.p.DruidDataSource        : {dataSource-1} inited
2019-05-12 16:11:01.408 - INFO  [           main] c.ExecutorConfigurationSupport : Initializing ExecutorService 'applicationTaskExecutor'
2019-05-12 16:11:01.719 - INFO  [           main] o.a.j.l.DirectJDKLog           : Starting ProtocolHandler ["http-nio-8080"]
2019-05-12 16:11:01.739 - INFO  [           main] o.s.b.w.e.t.TomcatWebServer    : Tomcat started on port(s): 8080 (http) with context path '/SpringBootCRM'
2019-05-12 16:11:01.742 - INFO  [           main] o.s.b.StartupInfoLogger        : Started App in 2.711 seconds (JVM running for 3.898)
2019-05-12 16:11:06.780 - INFO  [nio-8080-exec-1] o.a.j.l.DirectJDKLog           : Initializing Spring DispatcherServlet 'dispatcherServlet'
2019-05-12 16:11:06.780 - INFO  [nio-8080-exec-1] o.s.w.s.FrameworkServlet       : Initializing Servlet 'dispatcherServlet'
2019-05-12 16:11:06.791 - INFO  [nio-8080-exec-1] o.s.w.s.FrameworkServlet       : Completed initialization in 10 ms
2019-05-13 10:33:41.886 - INFO  [           main] o.s.b.StartupInfoLogger        : Starting App on DESKTOP-MI7UOLK with PID 5420 (D:\Desktop\SpringBootCRM\target\classes started by YeHaoYu in D:\Desktop\SpringBootCRM)
2019-05-13 10:33:41.902 - INFO  [           main] o.s.b.SpringApplication        : No active profile set, falling back to default profiles: default
2019-05-13 10:33:43.040 - INFO  [           main] o.s.b.w.e.t.TomcatWebServer    : Tomcat initialized with port(s): 8080 (http)
2019-05-13 10:33:43.050 - INFO  [           main] o.a.j.l.DirectJDKLog           : Initializing ProtocolHandler ["http-nio-8080"]
2019-05-13 10:33:43.050 - INFO  [           main] o.a.j.l.DirectJDKLog           : Starting service [Tomcat]
2019-05-13 10:33:43.050 - INFO  [           main] o.a.j.l.DirectJDKLog           : Starting Servlet engine: [Apache Tomcat/9.0.17]
2019-05-13 10:33:43.193 - INFO  [           main] o.a.j.l.DirectJDKLog           : Initializing Spring embedded WebApplicationContext
2019-05-13 10:33:43.193 - INFO  [           main] letWebServerApplicationContext : Root WebApplicationContext: initialization completed in 1237 ms
2019-05-13 10:33:43.271 - INFO  [           main] a.DruidDataSourceAutoConfigure : Init DruidDataSource
2019-05-13 10:33:43.557 - INFO  [           main] c.a.d.p.DruidDataSource        : {dataSource-1} inited
2019-05-13 10:33:44.042 - INFO  [           main] c.ExecutorConfigurationSupport : Initializing ExecutorService 'applicationTaskExecutor'
2019-05-13 10:33:44.343 - INFO  [           main] o.a.j.l.DirectJDKLog           : Starting ProtocolHandler ["http-nio-8080"]
2019-05-13 10:33:44.374 - INFO  [           main] o.s.b.w.e.t.TomcatWebServer    : Tomcat started on port(s): 8080 (http) with context path '/SpringBootCRM'
2019-05-13 10:33:44.374 - INFO  [           main] o.s.b.StartupInfoLogger        : Started App in 2.718 seconds (JVM running for 4.148)
2019-05-13 10:34:10.629 - INFO  [nio-8080-exec-1] o.a.j.l.DirectJDKLog           : Initializing Spring DispatcherServlet 'dispatcherServlet'
2019-05-13 10:34:10.629 - INFO  [nio-8080-exec-1] o.s.w.s.FrameworkServlet       : Initializing Servlet 'dispatcherServlet'
2019-05-13 10:34:10.635 - INFO  [nio-8080-exec-1] o.s.w.s.FrameworkServlet       : Completed initialization in 2 ms
2019-05-13 12:05:10.215 - INFO  [on(2)-127.0.0.1] gistrar$SpringApplicationAdmin : Application shutdown requested.
2019-05-13 12:05:10.219 - INFO  [on(2)-127.0.0.1] c.ExecutorConfigurationSupport : Shutting down ExecutorService 'applicationTaskExecutor'
2019-05-13 12:05:10.220 - INFO  [on(2)-127.0.0.1] c.a.d.p.DruidDataSource        : {dataSource-1} closed
2019-05-13 17:11:57.739 - INFO  [           main] o.s.b.StartupInfoLogger        : Starting App on DESKTOP-MI7UOLK with PID 6664 (D:\Desktop\SpringBootCRM\target\classes started by YeHaoYu in D:\Desktop\SpringBootCRM)
2019-05-13 17:11:57.769 - INFO  [           main] o.s.b.SpringApplication        : No active profile set, falling back to default profiles: default
2019-05-13 17:11:58.988 - INFO  [           main] o.s.b.w.e.t.TomcatWebServer    : Tomcat initialized with port(s): 8080 (http)
2019-05-13 17:11:58.995 - INFO  [           main] o.a.j.l.DirectJDKLog           : Initializing ProtocolHandler ["http-nio-8080"]
2019-05-13 17:11:59.010 - INFO  [           main] o.a.j.l.DirectJDKLog           : Starting service [Tomcat]
2019-05-13 17:11:59.010 - INFO  [           main] o.a.j.l.DirectJDKLog           : Starting Servlet engine: [Apache Tomcat/9.0.17]
2019-05-13 17:11:59.173 - INFO  [           main] o.a.j.l.DirectJDKLog           : Initializing Spring embedded WebApplicationContext
2019-05-13 17:11:59.173 - INFO  [           main] letWebServerApplicationContext : Root WebApplicationContext: initialization completed in 1341 ms
2019-05-13 17:11:59.336 - INFO  [           main] a.DruidDataSourceAutoConfigure : Init DruidDataSource
2019-05-13 17:11:59.605 - INFO  [           main] c.a.d.p.DruidDataSource        : {dataSource-1} inited
2019-05-13 17:12:00.308 - INFO  [           main] c.ExecutorConfigurationSupport : Initializing ExecutorService 'applicationTaskExecutor'
2019-05-13 17:12:00.643 - INFO  [           main] o.a.j.l.DirectJDKLog           : Starting ProtocolHandler ["http-nio-8080"]
2019-05-13 17:12:00.674 - INFO  [           main] o.s.b.w.e.t.TomcatWebServer    : Tomcat started on port(s): 8080 (http) with context path '/SpringBootCRM'
2019-05-13 17:12:00.674 - INFO  [           main] o.s.b.StartupInfoLogger        : Started App in 3.227 seconds (JVM running for 4.799)
2019-05-13 17:12:42.208 - INFO  [nio-8080-exec-1] o.a.j.l.DirectJDKLog           : Initializing Spring DispatcherServlet 'dispatcherServlet'
2019-05-13 17:12:42.208 - INFO  [nio-8080-exec-1] o.s.w.s.FrameworkServlet       : Initializing Servlet 'dispatcherServlet'
2019-05-13 17:12:42.219 - INFO  [nio-8080-exec-1] o.s.w.s.FrameworkServlet       : Completed initialization in 11 ms
2019-05-13 19:24:14.265 - INFO  [on(2)-127.0.0.1] gistrar$SpringApplicationAdmin : Application shutdown requested.
2019-05-13 19:24:14.267 - INFO  [on(2)-127.0.0.1] c.ExecutorConfigurationSupport : Shutting down ExecutorService 'applicationTaskExecutor'
2019-05-13 19:24:14.271 - INFO  [on(2)-127.0.0.1] c.a.d.p.DruidDataSource        : {dataSource-1} closed
2019-05-13 19:25:25.906 - INFO  [           main] o.s.b.StartupInfoLogger        : Starting App on DESKTOP-MI7UOLK with PID 11724 (D:\Desktop\SpringBootCRM\target\classes started by YeHaoYu in D:\Desktop\SpringBootCRM)
2019-05-13 19:25:25.911 - INFO  [           main] o.s.b.SpringApplication        : No active profile set, falling back to default profiles: default
2019-05-13 19:25:27.094 - INFO  [           main] o.s.b.w.e.t.TomcatWebServer    : Tomcat initialized with port(s): 8080 (http)
2019-05-13 19:25:27.114 - INFO  [           main] o.a.j.l.DirectJDKLog           : Initializing ProtocolHandler ["http-nio-8080"]
2019-05-13 19:25:27.125 - INFO  [           main] o.a.j.l.DirectJDKLog           : Starting service [Tomcat]
2019-05-13 19:25:27.126 - INFO  [           main] o.a.j.l.DirectJDKLog           : Starting Servlet engine: [Apache Tomcat/9.0.17]
2019-05-13 19:25:27.289 - INFO  [           main] o.a.j.l.DirectJDKLog           : Initializing Spring embedded WebApplicationContext
2019-05-13 19:25:27.290 - INFO  [           main] letWebServerApplicationContext : Root WebApplicationContext: initialization completed in 1316 ms
2019-05-13 19:25:27.387 - INFO  [           main] a.DruidDataSourceAutoConfigure : Init DruidDataSource
2019-05-13 19:25:27.703 - INFO  [           main] c.a.d.p.DruidDataSource        : {dataSource-1} inited
2019-05-13 19:25:28.180 - INFO  [           main] c.ExecutorConfigurationSupport : Initializing ExecutorService 'applicationTaskExecutor'
2019-05-13 19:25:28.530 - INFO  [           main] o.a.j.l.DirectJDKLog           : Starting ProtocolHandler ["http-nio-8080"]
2019-05-13 19:25:28.550 - INFO  [           main] o.s.b.w.e.t.TomcatWebServer    : Tomcat started on port(s): 8080 (http) with context path '/SpringBootCRM'
2019-05-13 19:25:28.553 - INFO  [           main] o.s.b.StartupInfoLogger        : Started App in 2.895 seconds (JVM running for 4.254)
2019-05-13 19:26:38.847 - INFO  [nio-8080-exec-1] o.a.j.l.DirectJDKLog           : Initializing Spring DispatcherServlet 'dispatcherServlet'
2019-05-13 19:26:38.847 - INFO  [nio-8080-exec-1] o.s.w.s.FrameworkServlet       : Initializing Servlet 'dispatcherServlet'
2019-05-13 19:26:38.860 - INFO  [nio-8080-exec-1] o.s.w.s.FrameworkServlet       : Completed initialization in 12 ms
2019-05-13 21:10:16.041 - INFO  [on(2)-127.0.0.1] gistrar$SpringApplicationAdmin : Application shutdown requested.
2019-05-13 21:10:16.044 - INFO  [on(2)-127.0.0.1] c.ExecutorConfigurationSupport : Shutting down ExecutorService 'applicationTaskExecutor'
2019-05-13 21:10:16.048 - INFO  [on(2)-127.0.0.1] c.a.d.p.DruidDataSource        : {dataSource-1} closed
